\BOOKMARK [1][-]{section.1}{Introduction}{}% 1
\BOOKMARK [1][-]{section.2}{BACKGROUND}{}% 2
\BOOKMARK [2][-]{subsection.2.1}{Broadband in Pakistan}{section.2}% 3
\BOOKMARK [2][-]{subsection.2.2}{Existing Measurements in Pakistan}{section.2}% 4
\BOOKMARK [2][-]{subsection.2.3}{Need for measuring broadband Performance in Pakistan}{section.2}% 5
\BOOKMARK [1][-]{section.3}{Methodology}{}% 6
\BOOKMARK [2][-]{subsection.3.1}{Measurement metrics \046 Approaches}{section.3}% 7
\BOOKMARK [3][-]{subsubsection.3.1.1}{Performance Metrics}{subsection.3.1}% 8
\BOOKMARK [2][-]{subsection.3.2}{Measurement Approaches}{section.3}% 9
\BOOKMARK [2][-]{subsection.3.3}{Collection period}{section.3}% 10
\BOOKMARK [2][-]{subsection.3.4}{Challenges}{section.3}% 11
\BOOKMARK [1][-]{section.4}{RESULTS}{}% 12
\BOOKMARK [2][-]{subsection.4.1}{ Downlink Throughput of Broadband ISP's in Pakistan:}{section.4}% 13
\BOOKMARK [2][-]{subsection.4.2}{Fixed Wireless Broadband Performance:}{section.4}% 14
\BOOKMARK [2][-]{subsection.4.3}{Reliability Test: Land line vs Fixed Wireless}{section.4}% 15
\BOOKMARK [2][-]{subsection.4.4}{Investigating other factors that affect performance:}{section.4}% 16
\BOOKMARK [3][-]{subsubsection.4.4.1}{Latency to various measurement lab servers\)}{subsection.4.4}% 17
\BOOKMARK [3][-]{subsubsection.4.4.2}{Alternative routes to global destinations:}{subsection.4.4}% 18
\BOOKMARK [3][-]{subsubsection.4.4.3}{Time of Day}{subsection.4.4}% 19
\BOOKMARK [1][-]{section.5}{Discussions and Recommendations}{}% 20
\BOOKMARK [2][-]{subsection.5.1}{Beneficial for customers, ISPs and regulating authorities}{section.5}% 21
\BOOKMARK [2][-]{subsection.5.2}{Private investment in local infrastructure}{section.5}% 22
\BOOKMARK [2][-]{subsection.5.3}{Creating favorable environment for native versions of prevalent services}{section.5}% 23
\BOOKMARK [2][-]{subsection.5.4}{Reducing distance to content by creating local data centers}{section.5}% 24
\BOOKMARK [2][-]{subsection.5.5}{Peering between ISPs:}{section.5}% 25
\BOOKMARK [1][-]{section.6}{CONCLUSION}{}% 26
\BOOKMARK [1][-]{section.7}{References}{}% 27
