\BOOKMARK [1][-]{section.1}{Introduction}{}% 1
\BOOKMARK [1][-]{section.2}{BACKGROUND}{}% 2
\BOOKMARK [2][-]{subsection.2.1}{Need for measuring broadband Performance}{section.2}% 3
\BOOKMARK [2][-]{subsection.2.2}{Broadband in Pakistan}{section.2}% 4
\BOOKMARK [1][-]{section.3}{DATA COLLECTION}{}% 5
\BOOKMARK [2][-]{subsection.3.1}{Metrics and Measurement Methods:}{section.3}% 6
\BOOKMARK [3][-]{subsubsection.3.1.1}{Performance Metrics}{subsection.3.1}% 7
\BOOKMARK [2][-]{subsection.3.2}{Measurement Approaches}{section.3}% 8
\BOOKMARK [2][-]{subsection.3.3}{Existing Measurements in Pakistan}{section.3}% 9
\BOOKMARK [2][-]{subsection.3.4}{Data Collection: Deployment and Tools}{section.3}% 10
\BOOKMARK [2][-]{subsection.3.5}{Challenges}{section.3}% 11
\BOOKMARK [1][-]{section.4}{RESULTS}{}% 12
\BOOKMARK [2][-]{subsection.4.1}{Broadband service Providers fulfilling \040promise of advertised rate or not:}{section.4}% 13
\BOOKMARK [2][-]{subsection.4.2}{How well wireless broadband perform}{section.4}% 14
\BOOKMARK [2][-]{subsection.4.3}{Which is reliable: Landline or Fixed Wireless Broadband?}{section.4}% 15
\BOOKMARK [2][-]{subsection.4.4}{Other aspects affecting performance:}{section.4}% 16
\BOOKMARK [3][-]{subsubsection.4.4.1}{Network paths from worldwide servers to users \(Latency to various servers\)}{subsection.4.4}% 17
\BOOKMARK [3][-]{subsubsection.4.4.2}{Latencies to well-known websites:}{subsection.4.4}% 18
\BOOKMARK [3][-]{subsubsection.4.4.3}{Availability of alternative routes to global destinations:}{subsection.4.4}% 19
\BOOKMARK [3][-]{subsubsection.4.4.4}{Time of Day}{subsection.4.4}% 20
\BOOKMARK [1][-]{section.5}{Discussions and Recommendations}{}% 21
\BOOKMARK [2][-]{subsection.5.1}{Measuring broadband performance in Pakistan is beneficial for customers, ISPs and regulating authorities}{section.5}% 22
\BOOKMARK [2][-]{subsection.5.2}{Private investment in local infrastructure}{section.5}% 23
\BOOKMARK [2][-]{subsection.5.3}{Creating favorable environment for native versions of prevalent services}{section.5}% 24
\BOOKMARK [2][-]{subsection.5.4}{Reducing distance to content by creating local data centers}{section.5}% 25
